<?xml version="1.0" encoding="UTF-8"?>
<!-- Generated by org.testng.reporters.JUnitXMLReporter -->
<testsuite ignored="0" hostname="LAPTOP-DFFR9J4H" failures="1" tests="1" name="TestSuite" time="4.124" errors="0" timestamp="2022-11-06T19:45:14 AST">
  <testcase classname="ppack.Login" name="ClassTen" time="4.072">
    <failure type="java.lang.AssertionError" message="expected [true] but found [false]">
      <![CDATA[java.lang.AssertionError: expected [true] but found [false]
at ppack.Login.ClassTen(Login.java:28)
at java.base/java.util.ArrayList.forEach(ArrayList.java:1511)
... Removed 31 stack frames]]>
    </failure>
  </testcase> <!-- ClassTen -->
</testsuite> <!-- TestSuite -->
