<?xml version="1.0" encoding="UTF-8"?>
<!-- Generated by org.testng.reporters.JUnitXMLReporter -->
<testsuite ignored="0" hostname="LAPTOP-DFFR9J4H" failures="0" tests="3" name="CreditCard/DebitCard" time="0.022" errors="0" timestamp="2023-05-03T11:52:35 AST">
  <testcase classname="TestNGPack1.ClassTwo" name="testcase2" time="0.001"/>
  <testcase classname="TestNGpack2.ClassFive" name="testcase5" time="0.004"/>
  <testcase classname="TestNGPack3.ClassSeven" name="testcase7" time="0.002"/>
</testsuite> <!-- CreditCard/DebitCard -->
