<?xml version="1.0" encoding="UTF-8"?>
<!-- Generated by org.testng.reporters.JUnitXMLReporter -->
<testsuite ignored="0" hostname="LAPTOP-DFFR9J4H" failures="0" tests="6" name="netbanking" time="0.091" errors="0" timestamp="2023-04-04T20:46:30 AST">
  <testcase classname="TestNGPack1.ClassOne" name="testcaseZ" time="0.006"/>
  <testcase classname="TestNGPack1.ClassOne" name="testcaseK" time="0.002"/>
  <testcase classname="TestNGPack1.ClassOne" name="testcaseA" time="0.002"/>
  <testcase classname="TestNGPack1.ClassThree" name="testcase3" time="0.002"/>
  <testcase classname="TestNGpack2.ClassFour" name="testcase4" time="0.001"/>
  <testcase classname="TestNGpack2.ClassSix" name="testcase6" time="0.003"/>
</testsuite> <!-- netbanking -->
