<?xml version="1.0" encoding="UTF-8"?>
<!-- Generated by org.testng.reporters.JUnitXMLReporter -->
<testsuite ignored="0" hostname="LAPTOP-DFFR9J4H" failures="0" tests="3" name="Payment" time="0.105" errors="0" timestamp="2023-05-03T11:59:43 AST">
  <testcase classname="TestNGPack1.ClassOne" name="testcaseA" time="0.014"/>
  <testcase classname="TestNGPack1.ClassOne" name="testcaseZ" time="0.003"/>
  <testcase classname="TestNGPack1.ClassOne" name="testcaseK" time="0.003"/>
</testsuite> <!-- Payment -->
