<?xml version="1.0" encoding="UTF-8"?>
<!-- Generated by org.testng.reporters.JUnitXMLReporter -->
<testsuite ignored="0" hostname="LAPTOP-DFFR9J4H" failures="0" tests="9" name="Test" time="0.105" errors="0" timestamp="2023-04-04T19:49:02 AST">
  <testcase classname="TestNGPack1.ClassOne" name="testcaseZ" time="0.005"/>
  <testcase classname="TestNGPack1.ClassOne" name="testcaseK" time="0.002"/>
  <testcase classname="TestNGPack1.ClassOne" name="testcaseA" time="0.002"/>
  <testcase classname="TestNGPack1.ClassTwo" name="testcase2" time="0.001"/>
  <testcase classname="TestNGPack1.ClassThree" name="testcase4" time="0.002"/>
  <testcase classname="TestNGpack2.ClassFour" name="testcase4" time="0.001"/>
  <testcase classname="TestNGpack2.ClassFive" name="testcase5" time="0.001"/>
  <testcase classname="TestNGpack2.ClassSix" name="testcase6" time="0.001"/>
  <testcase classname="TestNGPack3.ClassSeven" name="testcase7" time="0.002"/>
</testsuite> <!-- Test -->
