<?xml version="1.0" encoding="UTF-8"?>
<!-- Generated by org.testng.reporters.JUnitXMLReporter -->
<testsuite ignored="0" hostname="LAPTOP-DFFR9J4H" failures="0" tests="3" name="Default test" time="0.055" errors="0" timestamp="2022-11-14T08:44:29 AST">
  <testcase classname="one.dataProvider" name="loginTest" time="0.006"/>
  <testcase classname="one.dataProvider" name="loginTest" time="0.002"/>
  <testcase classname="one.dataProvider" name="loginTest" time="0.002"/>
</testsuite> <!-- Default test -->
