<?xml version="1.0" encoding="UTF-8"?>
<testng-results ignored="0" total="3" passed="3" failed="0" skipped="0">
  <reporter-output>
  </reporter-output>
  <suite started-at="2022-11-14T08:44:29 AST" name="Default suite" finished-at="2022-11-14T08:44:29 AST" duration-ms="55">
    <groups>
    </groups>
    <test started-at="2022-11-14T08:44:29 AST" name="Default test" finished-at="2022-11-14T08:44:29 AST" duration-ms="55">
      <class name="one.dataProvider">
        <test-method signature="loginTest(java.lang.String,java.lang.String)[pri:0, instance:one.dataProvider@25641d39]" started-at="2022-11-14T08:44:29 AST" name="loginTest" data-provider="getdata" finished-at="2022-11-14T08:44:29 AST" duration-ms="6" status="PASS">
          <params>
            <param index="0">
              <value>
                <![CDATA[poornima]]>
              </value>
            </param>
            <param index="1">
              <value>
                <![CDATA[12345]]>
              </value>
            </param>
          </params>
          <reporter-output>
          </reporter-output>
        </test-method> <!-- loginTest -->
        <test-method signature="loginTest(java.lang.String,java.lang.String)[pri:0, instance:one.dataProvider@25641d39]" started-at="2022-11-14T08:44:29 AST" name="loginTest" data-provider="getdata" finished-at="2022-11-14T08:44:29 AST" duration-ms="2" status="PASS">
          <params>
            <param index="0">
              <value>
                <![CDATA[Samu]]>
              </value>
            </param>
            <param index="1">
              <value>
                <![CDATA[12345]]>
              </value>
            </param>
          </params>
          <reporter-output>
          </reporter-output>
        </test-method> <!-- loginTest -->
        <test-method signature="loginTest(java.lang.String,java.lang.String)[pri:0, instance:one.dataProvider@25641d39]" started-at="2022-11-14T08:44:29 AST" name="loginTest" data-provider="getdata" finished-at="2022-11-14T08:44:29 AST" duration-ms="2" status="PASS">
          <params>
            <param index="0">
              <value>
                <![CDATA[Lakshmi]]>
              </value>
            </param>
            <param index="1">
              <value>
                <![CDATA[12345]]>
              </value>
            </param>
          </params>
          <reporter-output>
          </reporter-output>
        </test-method> <!-- loginTest -->
      </class> <!-- one.dataProvider -->
    </test> <!-- Default test -->
  </suite> <!-- Default suite -->
</testng-results>
