<?xml version="1.0" encoding="UTF-8"?>
<!-- Generated by org.testng.reporters.JUnitXMLReporter -->
<testsuite ignored="0" hostname="LAPTOP-DFFR9J4H" failures="0" tests="3" name="Default test" time="16.346" errors="0" timestamp="2023-05-11T08:50:35 AST">
  <testcase classname="com.icnetbanking.testcases.TC_Register_003_Test" name="RegisterNewAccount" time="3.745"/>
  <testcase classname="com.icnetbanking.testcases.TC_Register_003_Test" name="RegisterNewAccount" time="4.017"/>
  <testcase classname="com.icnetbanking.testcases.TC_Register_003_Test" name="RegisterNewAccount" time="4.174"/>
</testsuite> <!-- Default test -->
