<?xml version="1.0" encoding="UTF-8"?>
<!-- Generated by org.testng.reporters.JUnitXMLReporter -->
<testsuite ignored="0" hostname="LAPTOP-DFFR9J4H" failures="0" tests="3" name="Default test" time="36.955" errors="0" timestamp="2023-05-09T10:37:45 AST">
  <testcase classname="InterviewPOIExcel.NinjaLoginDataProvider" name="Ninja" time="14.157"/>
  <testcase classname="InterviewPOIExcel.NinjaLoginDataProvider" name="Ninja" time="11.513"/>
  <testcase classname="InterviewPOIExcel.NinjaLoginDataProvider" name="Ninja" time="10.692"/>
</testsuite> <!-- Default test -->
