<?xml version="1.0" encoding="UTF-8"?>
<!-- Generated by org.testng.reporters.JUnitXMLReporter -->
<testsuite ignored="0" hostname="LAPTOP-DFFR9J4H" failures="1" tests="1" name="Listener Testing" time="3.357" errors="0" timestamp="2023-04-13T17:43:44 AST">
  <testcase classname="LearnListeners.ListenersTestClass" name="LaunchApplication" time="3.013">
    <failure type="java.lang.AssertionError">
      <![CDATA[java.lang.AssertionError
at org.junit.Assert.fail(Assert.java:86)
at org.junit.Assert.assertTrue(Assert.java:41)
at org.junit.Assert.assertTrue(Assert.java:52)
at LearnListeners.ListenersTestClass.LaunchApplication(ListenersTestClass.java:12)
at java.base/java.util.ArrayList.forEach(ArrayList.java:1511)
... Removed 27 stack frames]]>
    </failure>
  </testcase> <!-- LaunchApplication -->
</testsuite> <!-- Listener Testing -->
