<?xml version="1.0" encoding="UTF-8"?>
<testng-results ignored="0" total="1" passed="1" failed="0" skipped="0">
  <reporter-output>
  </reporter-output>
  <suite started-at="2023-04-08T22:14:38 AST" name="Default suite" finished-at="2023-04-08T22:14:46 AST" duration-ms="8093">
    <groups>
    </groups>
    <test started-at="2023-04-08T22:14:38 AST" name="Default test" finished-at="2023-04-08T22:14:46 AST" duration-ms="8093">
      <class name="InterviewMavenSureFirePlugin.OneTest">
        <test-method signature="Checkomayotext()[pri:0, instance:InterviewMavenSureFirePlugin.OneTest@52719fb6]" started-at="2023-04-08T22:14:38 AST" name="Checkomayotext" finished-at="2023-04-08T22:14:42 AST" duration-ms="4806" status="PASS">
          <reporter-output>
          </reporter-output>
        </test-method> <!-- Checkomayotext -->
        <test-method is-config="true" signature="closure()[pri:0, instance:InterviewMavenSureFirePlugin.OneTest@52719fb6]" started-at="2023-04-08T22:14:42 AST" name="closure" finished-at="2023-04-08T22:14:46 AST" duration-ms="3244" status="PASS">
          <reporter-output>
          </reporter-output>
        </test-method> <!-- closure -->
      </class> <!-- InterviewMavenSureFirePlugin.OneTest -->
    </test> <!-- Default test -->
  </suite> <!-- Default suite -->
</testng-results>
