<?xml version="1.0" encoding="UTF-8"?>
<testng-results ignored="0" total="1" passed="1" failed="0" skipped="0">
  <reporter-output>
  </reporter-output>
  <suite started-at="2023-04-08T17:43:25 AST" name="Surefire suite" finished-at="2023-04-08T17:43:25 AST" duration-ms="19">
    <groups>
    </groups>
    <test started-at="2023-04-08T17:43:25 AST" name="Surefire test" finished-at="2023-04-08T17:43:25 AST" duration-ms="19">
      <class name="InterviewMavenSureFirePlugin.AppTest">
        <test-method signature="shouldAnswerWithTrue()" started-at="2023-04-08T17:43:25 AST" name="shouldAnswerWithTrue" finished-at="2023-04-08T17:43:25 AST" duration-ms="3" status="PASS">
          <reporter-output>
          </reporter-output>
        </test-method> <!-- shouldAnswerWithTrue -->
      </class> <!-- InterviewMavenSureFirePlugin.AppTest -->
    </test> <!-- Surefire test -->
  </suite> <!-- Surefire suite -->
</testng-results>
