<?xml version="1.0" encoding="UTF-8"?>
<testsuite xmlns:xsi="http://www.w3.org/2001/XMLSchema-instance" xsi:noNamespaceSchemaLocation="https://maven.apache.org/surefire/maven-surefire-plugin/xsd/surefire-test-report-3.0.xsd" version="3.0" name="TestSuite" time="87.162" tests="9" errors="0" skipped="0" failures="7">
  <properties>
[...]
</properties>
  <testcase name="CheckValidUserPwdforLogin" classname="com.icnetbanking.testcases.TC_Login_001_Test" time="4.849">
    <system-out><![CDATA[Test Execution of Project got Started : BankingApp Test
20:01:20.665 [main] INFO  com.icnetbanking.testcases.TC_Login_001_Test - TestScenario : com.icnetbanking.testcases.TC_Login_001_Test Started Execution
20:01:20.668 [main] INFO  com.icnetbanking.testcases.TC_Login_001_Test - URL Launched successfully
20:01:20.669 [main] INFO  com.icnetbanking.testcases.TC_Login_001_Test - Test Case Method Name: CheckValidUserPwdforLogin
Test Execution is Started for Test Case : CheckValidUserPwdforLogin
20:01:21.308 [main] INFO  com.icnetbanking.testcases.TC_Login_001_Test - Cliked on My Account link in HomePage successfully
20:01:21.715 [main] INFO  com.icnetbanking.testcases.TC_Login_001_Test - Cliked on Login link in HomePage successfully
20:01:21.812 [main] INFO  com.icnetbanking.testcases.TC_Login_001_Test - Entered Username successfully poornima1982@gmail.com
20:01:21.900 [main] INFO  com.icnetbanking.testcases.TC_Login_001_Test - Entered Password successfully selenium@123
20:01:22.411 [main] INFO  com.icnetbanking.testcases.TC_Login_001_Test - Clicked Login Button successfully
20:01:25.511 [main] INFO  com.icnetbanking.testcases.TC_Login_001_Test - Actualmessage=true
20:01:25.512 [main] INFO  com.icnetbanking.testcases.TC_Login_001_Test - Expectedmessage=true
20:01:25.512 [main] INFO  com.icnetbanking.testcases.TC_Login_001_Test - Pass: Edit Your Account information link is displayed
Test Execution is Passed for Test Case : CheckValidUserPwdforLogin
]]></system-out>
    <system-err><![CDATA[SLF4J: No SLF4J providers were found.
SLF4J: Defaulting to no-operation (NOP) logger implementation
SLF4J: See https://www.slf4j.org/codes.html#noProviders for further details.
Starting ChromeDriver 112.0.5615.49 (bd2a7bcb881c11e8cfe3078709382934e3916914-refs/branch-heads/5615@{#936}) on port 16215
Only local connections are allowed.
Please see https://chromedriver.chromium.org/security-considerations for suggestions on keeping ChromeDriver safe.
ChromeDriver was started successfully.
[1683824478.412][WARNING]: This version of ChromeDriver has not been tested with Chrome version 113.
May 11, 2023 8:01:18 PM org.openqa.selenium.devtools.CdpVersionFinder findNearestMatch
WARNING: Unable to find an exact match for CDP version 113, so returning the closest version found: 112
]]></system-err>
  </testcase>
  <testcase name="CheckInValidUserPwdforLogin[swetha2010@gmail.com, selenium@123](1)" classname="com.icnetbanking.testcases.TC_Login_001_Test" time="7.397">
    <failure message="expected [true] but found [false]" type="java.lang.AssertionError"><![CDATA[java.lang.AssertionError: expected [true] but found [false]
	at org.testng.Assert.fail(Assert.java:110)
	at org.testng.Assert.failNotEquals(Assert.java:1577)
	at org.testng.Assert.assertTrue(Assert.java:56)
	at org.testng.Assert.assertTrue(Assert.java:66)
	at com.icnetbanking.testcases.TC_Login_001_Test.CheckInValidUserPwdforLogin(TC_Login_001_Test.java:94)
	at java.base/jdk.internal.reflect.NativeMethodAccessorImpl.invoke0(Native Method)
	at java.base/jdk.internal.reflect.NativeMethodAccessorImpl.invoke(NativeMethodAccessorImpl.java:77)
	at java.base/jdk.internal.reflect.DelegatingMethodAccessorImpl.invoke(DelegatingMethodAccessorImpl.java:43)
	at java.base/java.lang.reflect.Method.invoke(Method.java:568)
	at org.testng.internal.invokers.MethodInvocationHelper.invokeMethod(MethodInvocationHelper.java:139)
	at org.testng.internal.invokers.TestInvoker.invokeMethod(TestInvoker.java:677)
	at org.testng.internal.invokers.TestInvoker.invokeTestMethod(TestInvoker.java:221)
	at org.testng.internal.invokers.MethodRunner.runInSequence(MethodRunner.java:50)
	at org.testng.internal.invokers.TestInvoker$MethodInvocationAgent.invoke(TestInvoker.java:969)
	at org.testng.internal.invokers.TestInvoker.invokeTestMethods(TestInvoker.java:194)
	at org.testng.internal.invokers.TestMethodWorker.invokeTestMethods(TestMethodWorker.java:148)
	at org.testng.internal.invokers.TestMethodWorker.run(TestMethodWorker.java:128)
	at java.base/java.util.ArrayList.forEach(ArrayList.java:1511)
	at org.testng.TestRunner.privateRun(TestRunner.java:829)
	at org.testng.TestRunner.run(TestRunner.java:602)
	at org.testng.SuiteRunner.runTest(SuiteRunner.java:437)
	at org.testng.SuiteRunner.runSequentially(SuiteRunner.java:431)
	at org.testng.SuiteRunner.privateRun(SuiteRunner.java:391)
	at org.testng.SuiteRunner.run(SuiteRunner.java:330)
	at org.testng.SuiteRunnerWorker.runSuite(SuiteRunnerWorker.java:52)
	at org.testng.SuiteRunnerWorker.run(SuiteRunnerWorker.java:95)
	at org.testng.TestNG.runSuitesSequentially(TestNG.java:1256)
	at org.testng.TestNG.runSuitesLocally(TestNG.java:1176)
	at org.testng.TestNG.runSuites(TestNG.java:1099)
	at org.testng.TestNG.run(TestNG.java:1067)
	at org.apache.maven.surefire.testng.TestNGExecutor.run(TestNGExecutor.java:308)
	at org.apache.maven.surefire.testng.TestNGXmlTestSuite.execute(TestNGXmlTestSuite.java:71)
	at org.apache.maven.surefire.testng.TestNGProvider.invoke(TestNGProvider.java:113)
	at org.apache.maven.surefire.booter.ForkedBooter.runSuitesInProcess(ForkedBooter.java:385)
	at org.apache.maven.surefire.booter.ForkedBooter.execute(ForkedBooter.java:162)
	at org.apache.maven.surefire.booter.ForkedBooter.run(ForkedBooter.java:507)
	at org.apache.maven.surefire.booter.ForkedBooter.main(ForkedBooter.java:495)
]]></failure>
    <system-out><![CDATA[20:01:28.913 [main] INFO  com.icnetbanking.testcases.TC_Login_001_Test - TestScenario : com.icnetbanking.testcases.TC_Login_001_Test Started Execution
20:01:28.914 [main] INFO  com.icnetbanking.testcases.TC_Login_001_Test - URL Launched successfully
20:01:28.914 [main] INFO  com.icnetbanking.testcases.TC_Login_001_Test - Test Case Method Name: CheckInValidUserPwdforLogin
Test Execution is Started for Test Case : CheckInValidUserPwdforLogin
20:01:29.038 [main] INFO  com.icnetbanking.testcases.TC_Login_001_Test - Cliked on My Account link in HomePage successfully
20:01:29.377 [main] INFO  com.icnetbanking.testcases.TC_Login_001_Test - Cliked on Login link in HomePage successfully
20:01:29.463 [main] INFO  com.icnetbanking.testcases.TC_Login_001_Test - Entered Username successfully swetha2010@gmail.com
20:01:29.544 [main] INFO  com.icnetbanking.testcases.TC_Login_001_Test - Entered Password successfully selenium@123
20:01:30.027 [main] INFO  com.icnetbanking.testcases.TC_Login_001_Test - Clicked Login Button successfully
20:01:36.097 [main] INFO  com.icnetbanking.testcases.TC_Login_001_Test - No Such Element Found :no such element: Unable to locate element: {"method":"xpath","selector":"//div[contains(@class,'alert-dismissible')]"}
  (Session info: chrome=113.0.5672.92)
For documentation on this error, please visit: https://selenium.dev/exceptions/#no_such_element
Build info: version: '4.9.0', revision: 'd7057100a6'
System info: os.name: 'Windows 11', os.arch: 'amd64', os.version: '10.0', java.version: '17.0.4.1'
Driver info: org.openqa.selenium.chrome.ChromeDriver
Command: [9268f63c64f666cbc017991ec07788d4, findElement {using=xpath, value=//div[contains(@class,'alert-dismissible')]}]
Capabilities {acceptInsecureCerts: false, browserName: chrome, browserVersion: 113.0.5672.92, chrome: {chromedriverVersion: 112.0.5615.49 (bd2a7bcb881c..., userDataDir: C:\Program Files (x86)\scop...}, goog:chromeOptions: {debuggerAddress: localhost:56063}, networkConnectionEnabled: false, pageLoadStrategy: normal, platformName: WINDOWS, proxy: Proxy(), se:cdp: ws://localhost:56063/devtoo..., se:cdpVersion: 113.0.5672.92, setWindowRect: true, strictFileInteractability: false, timeouts: {implicit: 0, pageLoad: 300000, script: 30000}, unhandledPromptBehavior: dismiss and notify, webauthn:extension:credBlob: true, webauthn:extension:largeBlob: true, webauthn:extension:minPinLength: true, webauthn:extension:prf: true, webauthn:virtualAuthenticators: true}
Session ID: 9268f63c64f666cbc017991ec07788d4
20:01:36.097 [main] INFO  com.icnetbanking.testcases.TC_Login_001_Test - Fail : InCorrect warning message displayed for invalid credentials
Test Execution is Failed for Test Case : CheckInValidUserPwdforLogin
]]></system-out>
    <system-err><![CDATA[Starting ChromeDriver 112.0.5615.49 (bd2a7bcb881c11e8cfe3078709382934e3916914-refs/branch-heads/5615@{#936}) on port 39699
Only local connections are allowed.
Please see https://chromedriver.chromium.org/security-considerations for suggestions on keeping ChromeDriver safe.
ChromeDriver was started successfully.
[1683824486.768][WARNING]: This version of ChromeDriver has not been tested with Chrome version 113.
May 11, 2023 8:01:27 PM org.openqa.selenium.devtools.CdpVersionFinder findNearestMatch
WARNING: Unable to find an exact match for CDP version 113, so returning the closest version found: 112
]]></system-err>
  </testcase>
  <testcase name="CheckInValidUserValidPwdforLogin[latha@gmail.com, selenium@123](1)" classname="com.icnetbanking.testcases.TC_Login_001_Test" time="12.34">
    <failure message="expected [true] but found [false]" type="java.lang.AssertionError"><![CDATA[java.lang.AssertionError: expected [true] but found [false]
	at org.testng.Assert.fail(Assert.java:110)
	at org.testng.Assert.failNotEquals(Assert.java:1577)
	at org.testng.Assert.assertTrue(Assert.java:56)
	at org.testng.Assert.assertTrue(Assert.java:66)
	at com.icnetbanking.testcases.TC_Login_001_Test.CheckInValidUserValidPwdforLogin(TC_Login_001_Test.java:123)
	at java.base/jdk.internal.reflect.NativeMethodAccessorImpl.invoke0(Native Method)
	at java.base/jdk.internal.reflect.NativeMethodAccessorImpl.invoke(NativeMethodAccessorImpl.java:77)
	at java.base/jdk.internal.reflect.DelegatingMethodAccessorImpl.invoke(DelegatingMethodAccessorImpl.java:43)
	at java.base/java.lang.reflect.Method.invoke(Method.java:568)
	at org.testng.internal.invokers.MethodInvocationHelper.invokeMethod(MethodInvocationHelper.java:139)
	at org.testng.internal.invokers.TestInvoker.invokeMethod(TestInvoker.java:677)
	at org.testng.internal.invokers.TestInvoker.invokeTestMethod(TestInvoker.java:221)
	at org.testng.internal.invokers.MethodRunner.runInSequence(MethodRunner.java:50)
	at org.testng.internal.invokers.TestInvoker$MethodInvocationAgent.invoke(TestInvoker.java:969)
	at org.testng.internal.invokers.TestInvoker.invokeTestMethods(TestInvoker.java:194)
	at org.testng.internal.invokers.TestMethodWorker.invokeTestMethods(TestMethodWorker.java:148)
	at org.testng.internal.invokers.TestMethodWorker.run(TestMethodWorker.java:128)
	at java.base/java.util.ArrayList.forEach(ArrayList.java:1511)
	at org.testng.TestRunner.privateRun(TestRunner.java:829)
	at org.testng.TestRunner.run(TestRunner.java:602)
	at org.testng.SuiteRunner.runTest(SuiteRunner.java:437)
	at org.testng.SuiteRunner.runSequentially(SuiteRunner.java:431)
	at org.testng.SuiteRunner.privateRun(SuiteRunner.java:391)
	at org.testng.SuiteRunner.run(SuiteRunner.java:330)
	at org.testng.SuiteRunnerWorker.runSuite(SuiteRunnerWorker.java:52)
	at org.testng.SuiteRunnerWorker.run(SuiteRunnerWorker.java:95)
	at org.testng.TestNG.runSuitesSequentially(TestNG.java:1256)
	at org.testng.TestNG.runSuitesLocally(TestNG.java:1176)
	at org.testng.TestNG.runSuites(TestNG.java:1099)
	at org.testng.TestNG.run(TestNG.java:1067)
	at org.apache.maven.surefire.testng.TestNGExecutor.run(TestNGExecutor.java:308)
	at org.apache.maven.surefire.testng.TestNGXmlTestSuite.execute(TestNGXmlTestSuite.java:71)
	at org.apache.maven.surefire.testng.TestNGProvider.invoke(TestNGProvider.java:113)
	at org.apache.maven.surefire.booter.ForkedBooter.runSuitesInProcess(ForkedBooter.java:385)
	at org.apache.maven.surefire.booter.ForkedBooter.execute(ForkedBooter.java:162)
	at org.apache.maven.surefire.booter.ForkedBooter.run(ForkedBooter.java:507)
	at org.apache.maven.surefire.booter.ForkedBooter.main(ForkedBooter.java:495)
]]></failure>
    <system-out><![CDATA[20:01:39.178 [main] INFO  com.icnetbanking.testcases.TC_Login_001_Test - TestScenario : com.icnetbanking.testcases.TC_Login_001_Test Started Execution
20:01:39.179 [main] INFO  com.icnetbanking.testcases.TC_Login_001_Test - URL Launched successfully
20:01:39.179 [main] INFO  com.icnetbanking.testcases.TC_Login_001_Test - Test Case Method Name: CheckInValidUserValidPwdforLogin
Test Execution is Started for Test Case : CheckInValidUserValidPwdforLogin
20:01:39.581 [main] INFO  com.icnetbanking.testcases.TC_Login_001_Test - Cliked on My Account link in HomePage successfully
20:01:47.193 [main] INFO  com.icnetbanking.testcases.TC_Login_001_Test - Cliked on Login link in HomePage successfully
20:01:47.370 [main] INFO  com.icnetbanking.testcases.TC_Login_001_Test - Entered Username successfully latha@gmail.com
20:01:47.550 [main] INFO  com.icnetbanking.testcases.TC_Login_001_Test - Entered Password successfully selenium@123
20:01:48.005 [main] INFO  com.icnetbanking.testcases.TC_Login_001_Test - Clicked Login Button successfully
20:01:51.101 [main] INFO  com.icnetbanking.testcases.TC_Login_001_Test - Actualmessage=Warning: Your account has exceeded allowed number of login attempts. Please try again in 1 hour.
20:01:51.101 [main] INFO  com.icnetbanking.testcases.TC_Login_001_Test - Expectedmessage=Warning: No match for E-Mail Address and/or Password.
20:01:51.102 [main] INFO  com.icnetbanking.testcases.TC_Login_001_Test - Fail : InCorrect warning message displayed for invalid credentials
Test Execution is Failed for Test Case : CheckInValidUserValidPwdforLogin
]]></system-out>
    <system-err><![CDATA[Starting ChromeDriver 112.0.5615.49 (bd2a7bcb881c11e8cfe3078709382934e3916914-refs/branch-heads/5615@{#936}) on port 35725
Only local connections are allowed.
Please see https://chromedriver.chromium.org/security-considerations for suggestions on keeping ChromeDriver safe.
ChromeDriver was started successfully.
[1683824497.171][WARNING]: This version of ChromeDriver has not been tested with Chrome version 113.
May 11, 2023 8:01:37 PM org.openqa.selenium.devtools.CdpVersionFinder findNearestMatch
WARNING: Unable to find an exact match for CDP version 113, so returning the closest version found: 112
]]></system-err>
  </testcase>
  <testcase name="InvalidCredentialsLogin[poornima1982@gmail.com, selenium@1234, Warning: No match for E-Mail Address and/or Password.](1)" classname="com.icnetbanking.testcases.TC_Login_002_Test" time="4.335">
    <system-out><![CDATA[20:01:55.769 [main] INFO  com.icnetbanking.testcases.TC_Login_002_Test - TestScenario : com.icnetbanking.testcases.TC_Login_002_Test Started Execution
20:01:55.770 [main] INFO  com.icnetbanking.testcases.TC_Login_002_Test - URL Launched successfully
20:01:55.771 [main] INFO  com.icnetbanking.testcases.TC_Login_002_Test - Test Case Method Name: InvalidCredentialsLogin
Test Execution is Started for Test Case : InvalidCredentialsLogin
20:01:55.916 [main] INFO  com.icnetbanking.testcases.TC_Login_002_Test - Cliked on My Account link in HomePage successfully
20:01:56.353 [main] INFO  com.icnetbanking.testcases.TC_Login_002_Test - Cliked on Login link in HomePage successfully
20:01:56.552 [main] INFO  com.icnetbanking.testcases.TC_Login_002_Test - Entered Username successfully poornima1982@gmail.com
20:01:56.706 [main] INFO  com.icnetbanking.testcases.TC_Login_002_Test - Entered Password successfully selenium@1234
20:01:57.073 [main] INFO  com.icnetbanking.testcases.TC_Login_002_Test - Clicked Login Button successfully
20:02:00.108 [main] INFO  com.icnetbanking.testcases.TC_Login_002_Test - Actualmessage=Warning: No match for E-Mail Address and/or Password.
20:02:00.108 [main] INFO  com.icnetbanking.testcases.TC_Login_002_Test - Expectedmessage=Warning: No match for E-Mail Address and/or Password.
20:02:00.108 [main] INFO  com.icnetbanking.testcases.TC_Login_002_Test - Pass: Correct warning message displayed for invalid credentials
Test Execution is Passed for Test Case : InvalidCredentialsLogin
]]></system-out>
    <system-err><![CDATA[Starting ChromeDriver 112.0.5615.49 (bd2a7bcb881c11e8cfe3078709382934e3916914-refs/branch-heads/5615@{#936}) on port 20048
Only local connections are allowed.
Please see https://chromedriver.chromium.org/security-considerations for suggestions on keeping ChromeDriver safe.
ChromeDriver was started successfully.
[1683824513.828][WARNING]: This version of ChromeDriver has not been tested with Chrome version 113.
May 11, 2023 8:01:53 PM org.openqa.selenium.devtools.CdpVersionFinder findNearestMatch
WARNING: Unable to find an exact match for CDP version 113, so returning the closest version found: 112
]]></system-err>
  </testcase>
  <testcase name="InvalidCredentialsLogin[swetha2010@gmail.com, selenium@123, Warning: No match for E-Mail Address and/or Password.](2)" classname="com.icnetbanking.testcases.TC_Login_002_Test" time="7.587">
    <failure message="expected [true] but found [false]" type="java.lang.AssertionError"><![CDATA[java.lang.AssertionError: expected [true] but found [false]
	at org.testng.Assert.fail(Assert.java:110)
	at org.testng.Assert.failNotEquals(Assert.java:1577)
	at org.testng.Assert.assertTrue(Assert.java:56)
	at org.testng.Assert.assertTrue(Assert.java:66)
	at com.icnetbanking.testcases.TC_Login_002_Test.InvalidCredentialsLogin(TC_Login_002_Test.java:47)
	at java.base/jdk.internal.reflect.NativeMethodAccessorImpl.invoke0(Native Method)
	at java.base/jdk.internal.reflect.NativeMethodAccessorImpl.invoke(NativeMethodAccessorImpl.java:77)
	at java.base/jdk.internal.reflect.DelegatingMethodAccessorImpl.invoke(DelegatingMethodAccessorImpl.java:43)
	at java.base/java.lang.reflect.Method.invoke(Method.java:568)
	at org.testng.internal.invokers.MethodInvocationHelper.invokeMethod(MethodInvocationHelper.java:139)
	at org.testng.internal.invokers.TestInvoker.invokeMethod(TestInvoker.java:677)
	at org.testng.internal.invokers.TestInvoker.invokeTestMethod(TestInvoker.java:221)
	at org.testng.internal.invokers.MethodRunner.runInSequence(MethodRunner.java:50)
	at org.testng.internal.invokers.TestInvoker$MethodInvocationAgent.invoke(TestInvoker.java:969)
	at org.testng.internal.invokers.TestInvoker.invokeTestMethods(TestInvoker.java:194)
	at org.testng.internal.invokers.TestMethodWorker.invokeTestMethods(TestMethodWorker.java:148)
	at org.testng.internal.invokers.TestMethodWorker.run(TestMethodWorker.java:128)
	at java.base/java.util.ArrayList.forEach(ArrayList.java:1511)
	at org.testng.TestRunner.privateRun(TestRunner.java:829)
	at org.testng.TestRunner.run(TestRunner.java:602)
	at org.testng.SuiteRunner.runTest(SuiteRunner.java:437)
	at org.testng.SuiteRunner.runSequentially(SuiteRunner.java:431)
	at org.testng.SuiteRunner.privateRun(SuiteRunner.java:391)
	at org.testng.SuiteRunner.run(SuiteRunner.java:330)
	at org.testng.SuiteRunnerWorker.runSuite(SuiteRunnerWorker.java:52)
	at org.testng.SuiteRunnerWorker.run(SuiteRunnerWorker.java:95)
	at org.testng.TestNG.runSuitesSequentially(TestNG.java:1256)
	at org.testng.TestNG.runSuitesLocally(TestNG.java:1176)
	at org.testng.TestNG.runSuites(TestNG.java:1099)
	at org.testng.TestNG.run(TestNG.java:1067)
	at org.apache.maven.surefire.testng.TestNGExecutor.run(TestNGExecutor.java:308)
	at org.apache.maven.surefire.testng.TestNGXmlTestSuite.execute(TestNGXmlTestSuite.java:71)
	at org.apache.maven.surefire.testng.TestNGProvider.invoke(TestNGProvider.java:113)
	at org.apache.maven.surefire.booter.ForkedBooter.runSuitesInProcess(ForkedBooter.java:385)
	at org.apache.maven.surefire.booter.ForkedBooter.execute(ForkedBooter.java:162)
	at org.apache.maven.surefire.booter.ForkedBooter.run(ForkedBooter.java:507)
	at org.apache.maven.surefire.booter.ForkedBooter.main(ForkedBooter.java:495)
]]></failure>
    <system-out><![CDATA[20:02:03.491 [main] INFO  com.icnetbanking.testcases.TC_Login_002_Test - TestScenario : com.icnetbanking.testcases.TC_Login_002_Test Started Execution
20:02:03.494 [main] INFO  com.icnetbanking.testcases.TC_Login_002_Test - URL Launched successfully
20:02:03.495 [main] INFO  com.icnetbanking.testcases.TC_Login_002_Test - Test Case Method Name: InvalidCredentialsLogin
Test Execution is Started for Test Case : InvalidCredentialsLogin
20:02:03.839 [main] INFO  com.icnetbanking.testcases.TC_Login_002_Test - Cliked on My Account link in HomePage successfully
20:02:04.160 [main] INFO  com.icnetbanking.testcases.TC_Login_002_Test - Cliked on Login link in HomePage successfully
20:02:04.243 [main] INFO  com.icnetbanking.testcases.TC_Login_002_Test - Entered Username successfully swetha2010@gmail.com
20:02:04.316 [main] INFO  com.icnetbanking.testcases.TC_Login_002_Test - Entered Password successfully selenium@123
20:02:04.830 [main] INFO  com.icnetbanking.testcases.TC_Login_002_Test - Clicked Login Button successfully
20:02:10.864 [main] INFO  com.icnetbanking.testcases.TC_Login_002_Test - No Such Element Found :no such element: Unable to locate element: {"method":"xpath","selector":"//div[contains(@class,'alert-dismissible')]"}
  (Session info: chrome=113.0.5672.92)
For documentation on this error, please visit: https://selenium.dev/exceptions/#no_such_element
Build info: version: '4.9.0', revision: 'd7057100a6'
System info: os.name: 'Windows 11', os.arch: 'amd64', os.version: '10.0', java.version: '17.0.4.1'
Driver info: org.openqa.selenium.chrome.ChromeDriver
Command: [2f6ac206557f3594c53ad62a58336439, findElement {using=xpath, value=//div[contains(@class,'alert-dismissible')]}]
Capabilities {acceptInsecureCerts: false, browserName: chrome, browserVersion: 113.0.5672.92, chrome: {chromedriverVersion: 112.0.5615.49 (bd2a7bcb881c..., userDataDir: C:\Program Files (x86)\scop...}, goog:chromeOptions: {debuggerAddress: localhost:56150}, networkConnectionEnabled: false, pageLoadStrategy: normal, platformName: WINDOWS, proxy: Proxy(), se:cdp: ws://localhost:56150/devtoo..., se:cdpVersion: 113.0.5672.92, setWindowRect: true, strictFileInteractability: false, timeouts: {implicit: 0, pageLoad: 300000, script: 30000}, unhandledPromptBehavior: dismiss and notify, webauthn:extension:credBlob: true, webauthn:extension:largeBlob: true, webauthn:extension:minPinLength: true, webauthn:extension:prf: true, webauthn:virtualAuthenticators: true}
Session ID: 2f6ac206557f3594c53ad62a58336439
20:02:10.865 [main] INFO  com.icnetbanking.testcases.TC_Login_002_Test - Fail : InCorrect warning message displayed for invalid credentials
Test Execution is Failed for Test Case : InvalidCredentialsLogin
]]></system-out>
    <system-err><![CDATA[Starting ChromeDriver 112.0.5615.49 (bd2a7bcb881c11e8cfe3078709382934e3916914-refs/branch-heads/5615@{#936}) on port 46247
Only local connections are allowed.
Please see https://chromedriver.chromium.org/security-considerations for suggestions on keeping ChromeDriver safe.
ChromeDriver was started successfully.
[1683824521.364][WARNING]: This version of ChromeDriver has not been tested with Chrome version 113.
May 11, 2023 8:02:01 PM org.openqa.selenium.devtools.CdpVersionFinder findNearestMatch
WARNING: Unable to find an exact match for CDP version 113, so returning the closest version found: 112
]]></system-err>
  </testcase>
  <testcase name="InvalidCredentialsLogin[latha@gmail.com, pass@123, Warning: No match for E-Mail Address and/or Password.](3)" classname="com.icnetbanking.testcases.TC_Login_002_Test" time="4.479">
    <failure message="expected [true] but found [false]" type="java.lang.AssertionError"><![CDATA[java.lang.AssertionError: expected [true] but found [false]
	at org.testng.Assert.fail(Assert.java:110)
	at org.testng.Assert.failNotEquals(Assert.java:1577)
	at org.testng.Assert.assertTrue(Assert.java:56)
	at org.testng.Assert.assertTrue(Assert.java:66)
	at com.icnetbanking.testcases.TC_Login_002_Test.InvalidCredentialsLogin(TC_Login_002_Test.java:40)
	at java.base/jdk.internal.reflect.NativeMethodAccessorImpl.invoke0(Native Method)
	at java.base/jdk.internal.reflect.NativeMethodAccessorImpl.invoke(NativeMethodAccessorImpl.java:77)
	at java.base/jdk.internal.reflect.DelegatingMethodAccessorImpl.invoke(DelegatingMethodAccessorImpl.java:43)
	at java.base/java.lang.reflect.Method.invoke(Method.java:568)
	at org.testng.internal.invokers.MethodInvocationHelper.invokeMethod(MethodInvocationHelper.java:139)
	at org.testng.internal.invokers.TestInvoker.invokeMethod(TestInvoker.java:677)
	at org.testng.internal.invokers.TestInvoker.invokeTestMethod(TestInvoker.java:221)
	at org.testng.internal.invokers.MethodRunner.runInSequence(MethodRunner.java:50)
	at org.testng.internal.invokers.TestInvoker$MethodInvocationAgent.invoke(TestInvoker.java:969)
	at org.testng.internal.invokers.TestInvoker.invokeTestMethods(TestInvoker.java:194)
	at org.testng.internal.invokers.TestMethodWorker.invokeTestMethods(TestMethodWorker.java:148)
	at org.testng.internal.invokers.TestMethodWorker.run(TestMethodWorker.java:128)
	at java.base/java.util.ArrayList.forEach(ArrayList.java:1511)
	at org.testng.TestRunner.privateRun(TestRunner.java:829)
	at org.testng.TestRunner.run(TestRunner.java:602)
	at org.testng.SuiteRunner.runTest(SuiteRunner.java:437)
	at org.testng.SuiteRunner.runSequentially(SuiteRunner.java:431)
	at org.testng.SuiteRunner.privateRun(SuiteRunner.java:391)
	at org.testng.SuiteRunner.run(SuiteRunner.java:330)
	at org.testng.SuiteRunnerWorker.runSuite(SuiteRunnerWorker.java:52)
	at org.testng.SuiteRunnerWorker.run(SuiteRunnerWorker.java:95)
	at org.testng.TestNG.runSuitesSequentially(TestNG.java:1256)
	at org.testng.TestNG.runSuitesLocally(TestNG.java:1176)
	at org.testng.TestNG.runSuites(TestNG.java:1099)
	at org.testng.TestNG.run(TestNG.java:1067)
	at org.apache.maven.surefire.testng.TestNGExecutor.run(TestNGExecutor.java:308)
	at org.apache.maven.surefire.testng.TestNGXmlTestSuite.execute(TestNGXmlTestSuite.java:71)
	at org.apache.maven.surefire.testng.TestNGProvider.invoke(TestNGProvider.java:113)
	at org.apache.maven.surefire.booter.ForkedBooter.runSuitesInProcess(ForkedBooter.java:385)
	at org.apache.maven.surefire.booter.ForkedBooter.execute(ForkedBooter.java:162)
	at org.apache.maven.surefire.booter.ForkedBooter.run(ForkedBooter.java:507)
	at org.apache.maven.surefire.booter.ForkedBooter.main(ForkedBooter.java:495)
]]></failure>
    <system-out><![CDATA[20:02:14.079 [main] INFO  com.icnetbanking.testcases.TC_Login_002_Test - TestScenario : com.icnetbanking.testcases.TC_Login_002_Test Started Execution
20:02:14.084 [main] INFO  com.icnetbanking.testcases.TC_Login_002_Test - URL Launched successfully
20:02:14.085 [main] INFO  com.icnetbanking.testcases.TC_Login_002_Test - Test Case Method Name: InvalidCredentialsLogin
Test Execution is Started for Test Case : InvalidCredentialsLogin
20:02:14.281 [main] INFO  com.icnetbanking.testcases.TC_Login_002_Test - Cliked on My Account link in HomePage successfully
20:02:14.692 [main] INFO  com.icnetbanking.testcases.TC_Login_002_Test - Cliked on Login link in HomePage successfully
20:02:14.826 [main] INFO  com.icnetbanking.testcases.TC_Login_002_Test - Entered Username successfully latha@gmail.com
20:02:14.945 [main] INFO  com.icnetbanking.testcases.TC_Login_002_Test - Entered Password successfully pass@123
20:02:15.313 [main] INFO  com.icnetbanking.testcases.TC_Login_002_Test - Clicked Login Button successfully
20:02:18.343 [main] INFO  com.icnetbanking.testcases.TC_Login_002_Test - Actualmessage=Warning: Your account has exceeded allowed number of login attempts. Please try again in 1 hour.
20:02:18.343 [main] INFO  com.icnetbanking.testcases.TC_Login_002_Test - Expectedmessage=Warning: No match for E-Mail Address and/or Password.
20:02:18.343 [main] INFO  com.icnetbanking.testcases.TC_Login_002_Test - Fail : InCorrect warning message displayed for invalid credentials
Test Execution is Failed for Test Case : InvalidCredentialsLogin
]]></system-out>
    <system-err><![CDATA[Starting ChromeDriver 112.0.5615.49 (bd2a7bcb881c11e8cfe3078709382934e3916914-refs/branch-heads/5615@{#936}) on port 1398
Only local connections are allowed.
Please see https://chromedriver.chromium.org/security-considerations for suggestions on keeping ChromeDriver safe.
ChromeDriver was started successfully.
[1683824532.048][WARNING]: This version of ChromeDriver has not been tested with Chrome version 113.
May 11, 2023 8:02:12 PM org.openqa.selenium.devtools.CdpVersionFinder findNearestMatch
WARNING: Unable to find an exact match for CDP version 113, so returning the closest version found: 112
]]></system-err>
  </testcase>
  <testcase name="RegisterNewAccount[mayuri, kamal, mayuri2010@gmail.com, 4545454, test@123](1)" classname="com.icnetbanking.testcases.TC_Register_003_Test" time="4.792">
    <failure type="java.lang.AssertionError"><![CDATA[java.lang.AssertionError
	at org.junit.Assert.fail(Assert.java:86)
	at org.junit.Assert.assertTrue(Assert.java:41)
	at org.junit.Assert.assertTrue(Assert.java:52)
	at com.icnetbanking.testcases.TC_Register_003_Test.RegisterNewAccount(TC_Register_003_Test.java:57)
	at java.base/jdk.internal.reflect.NativeMethodAccessorImpl.invoke0(Native Method)
	at java.base/jdk.internal.reflect.NativeMethodAccessorImpl.invoke(NativeMethodAccessorImpl.java:77)
	at java.base/jdk.internal.reflect.DelegatingMethodAccessorImpl.invoke(DelegatingMethodAccessorImpl.java:43)
	at java.base/java.lang.reflect.Method.invoke(Method.java:568)
	at org.testng.internal.invokers.MethodInvocationHelper.invokeMethod(MethodInvocationHelper.java:139)
	at org.testng.internal.invokers.TestInvoker.invokeMethod(TestInvoker.java:677)
	at org.testng.internal.invokers.TestInvoker.invokeTestMethod(TestInvoker.java:221)
	at org.testng.internal.invokers.MethodRunner.runInSequence(MethodRunner.java:50)
	at org.testng.internal.invokers.TestInvoker$MethodInvocationAgent.invoke(TestInvoker.java:969)
	at org.testng.internal.invokers.TestInvoker.invokeTestMethods(TestInvoker.java:194)
	at org.testng.internal.invokers.TestMethodWorker.invokeTestMethods(TestMethodWorker.java:148)
	at org.testng.internal.invokers.TestMethodWorker.run(TestMethodWorker.java:128)
	at java.base/java.util.ArrayList.forEach(ArrayList.java:1511)
	at org.testng.TestRunner.privateRun(TestRunner.java:829)
	at org.testng.TestRunner.run(TestRunner.java:602)
	at org.testng.SuiteRunner.runTest(SuiteRunner.java:437)
	at org.testng.SuiteRunner.runSequentially(SuiteRunner.java:431)
	at org.testng.SuiteRunner.privateRun(SuiteRunner.java:391)
	at org.testng.SuiteRunner.run(SuiteRunner.java:330)
	at org.testng.SuiteRunnerWorker.runSuite(SuiteRunnerWorker.java:52)
	at org.testng.SuiteRunnerWorker.run(SuiteRunnerWorker.java:95)
	at org.testng.TestNG.runSuitesSequentially(TestNG.java:1256)
	at org.testng.TestNG.runSuitesLocally(TestNG.java:1176)
	at org.testng.TestNG.runSuites(TestNG.java:1099)
	at org.testng.TestNG.run(TestNG.java:1067)
	at org.apache.maven.surefire.testng.TestNGExecutor.run(TestNGExecutor.java:308)
	at org.apache.maven.surefire.testng.TestNGXmlTestSuite.execute(TestNGXmlTestSuite.java:71)
	at org.apache.maven.surefire.testng.TestNGProvider.invoke(TestNGProvider.java:113)
	at org.apache.maven.surefire.booter.ForkedBooter.runSuitesInProcess(ForkedBooter.java:385)
	at org.apache.maven.surefire.booter.ForkedBooter.execute(ForkedBooter.java:162)
	at org.apache.maven.surefire.booter.ForkedBooter.run(ForkedBooter.java:507)
	at org.apache.maven.surefire.booter.ForkedBooter.main(ForkedBooter.java:495)
]]></failure>
    <system-out><![CDATA[20:02:21.944 [main] INFO  com.icnetbanking.testcases.TC_Register_003_Test - TestScenario : com.icnetbanking.testcases.TC_Register_003_Test Started Execution
20:02:21.945 [main] INFO  com.icnetbanking.testcases.TC_Register_003_Test - URL Launched successfully
20:02:21.945 [main] INFO  com.icnetbanking.testcases.TC_Register_003_Test - Test Case Method Name: RegisterNewAccount
Test Execution is Started for Test Case : RegisterNewAccount
20:02:22.223 [main] INFO  com.icnetbanking.testcases.TC_Register_003_Test - Cliked on My Account link in HomePage successfully
20:02:22.739 [main] INFO  com.icnetbanking.testcases.TC_Register_003_Test - Cliked on My Register link in HomePage successfully
20:02:22.806 [main] INFO  com.icnetbanking.testcases.TC_Register_003_Test - Entered Firstname successfully :mayuri
20:02:22.871 [main] INFO  com.icnetbanking.testcases.TC_Register_003_Test - Entered Lastname successfully :kamal
20:02:22.941 [main] INFO  com.icnetbanking.testcases.TC_Register_003_Test - Entered Email successfully :mayuri2010@gmail.com
20:02:23.002 [main] INFO  com.icnetbanking.testcases.TC_Register_003_Test - Entered Telephoneno successfully :4545454
20:02:23.061 [main] INFO  com.icnetbanking.testcases.TC_Register_003_Test - Entered password successfully :test@123
20:02:23.123 [main] INFO  com.icnetbanking.testcases.TC_Register_003_Test - Entered confirm password successfully :test@123
20:02:23.172 [main] INFO  com.icnetbanking.testcases.TC_Register_003_Test - Clicked Yes for NewsLetter successfully
20:02:23.219 [main] INFO  com.icnetbanking.testcases.TC_Register_003_Test - Clicked Agree CheckBox successfully
20:02:23.537 [main] INFO  com.icnetbanking.testcases.TC_Register_003_Test - Clicked Continue Button successfully
20:02:26.608 [main] INFO  com.icnetbanking.testcases.TC_Register_003_Test - No Such Element Found :no such element: Unable to locate element: {"method":"xpath","selector":"//div[@id='content']/h1[.='Your Account Has Been Created!']"}
  (Session info: chrome=113.0.5672.92)
For documentation on this error, please visit: https://selenium.dev/exceptions/#no_such_element
Build info: version: '4.9.0', revision: 'd7057100a6'
System info: os.name: 'Windows 11', os.arch: 'amd64', os.version: '10.0', java.version: '17.0.4.1'
Driver info: org.openqa.selenium.chrome.ChromeDriver
Command: [ad0d5a6e4bdd71254410297c790f4d8d, findElement {using=xpath, value=//div[@id='content']/h1[.='Your Account Has Been Created!']}]
Capabilities {acceptInsecureCerts: false, browserName: chrome, browserVersion: 113.0.5672.92, chrome: {chromedriverVersion: 112.0.5615.49 (bd2a7bcb881c..., userDataDir: C:\Program Files (x86)\scop...}, goog:chromeOptions: {debuggerAddress: localhost:56199}, networkConnectionEnabled: false, pageLoadStrategy: normal, platformName: WINDOWS, proxy: Proxy(), se:cdp: ws://localhost:56199/devtoo..., se:cdpVersion: 113.0.5672.92, setWindowRect: true, strictFileInteractability: false, timeouts: {implicit: 0, pageLoad: 300000, script: 30000}, unhandledPromptBehavior: dismiss and notify, webauthn:extension:credBlob: true, webauthn:extension:largeBlob: true, webauthn:extension:minPinLength: true, webauthn:extension:prf: true, webauthn:virtualAuthenticators: true}
Session ID: ad0d5a6e4bdd71254410297c790f4d8d
20:02:26.608 [main] INFO  com.icnetbanking.testcases.TC_Register_003_Test - Fail: Accout not Created 
Test Execution is Failed for Test Case : RegisterNewAccount
]]></system-out>
    <system-err><![CDATA[Starting ChromeDriver 112.0.5615.49 (bd2a7bcb881c11e8cfe3078709382934e3916914-refs/branch-heads/5615@{#936}) on port 32876
Only local connections are allowed.
Please see https://chromedriver.chromium.org/security-considerations for suggestions on keeping ChromeDriver safe.
ChromeDriver was started successfully.
[1683824539.886][WARNING]: This version of ChromeDriver has not been tested with Chrome version 113.
May 11, 2023 8:02:20 PM org.openqa.selenium.devtools.CdpVersionFinder findNearestMatch
WARNING: Unable to find an exact match for CDP version 113, so returning the closest version found: 112
]]></system-err>
  </testcase>
  <testcase name="RegisterNewAccount[jamuna, soundar, jamuna1234@gmail.com, 5454454, test@124](2)" classname="com.icnetbanking.testcases.TC_Register_003_Test" time="5.403">
    <failure type="java.lang.AssertionError"><![CDATA[java.lang.AssertionError
	at org.junit.Assert.fail(Assert.java:86)
	at org.junit.Assert.assertTrue(Assert.java:41)
	at org.junit.Assert.assertTrue(Assert.java:52)
	at com.icnetbanking.testcases.TC_Register_003_Test.RegisterNewAccount(TC_Register_003_Test.java:57)
	at java.base/jdk.internal.reflect.NativeMethodAccessorImpl.invoke0(Native Method)
	at java.base/jdk.internal.reflect.NativeMethodAccessorImpl.invoke(NativeMethodAccessorImpl.java:77)
	at java.base/jdk.internal.reflect.DelegatingMethodAccessorImpl.invoke(DelegatingMethodAccessorImpl.java:43)
	at java.base/java.lang.reflect.Method.invoke(Method.java:568)
	at org.testng.internal.invokers.MethodInvocationHelper.invokeMethod(MethodInvocationHelper.java:139)
	at org.testng.internal.invokers.TestInvoker.invokeMethod(TestInvoker.java:677)
	at org.testng.internal.invokers.TestInvoker.invokeTestMethod(TestInvoker.java:221)
	at org.testng.internal.invokers.MethodRunner.runInSequence(MethodRunner.java:50)
	at org.testng.internal.invokers.TestInvoker$MethodInvocationAgent.invoke(TestInvoker.java:969)
	at org.testng.internal.invokers.TestInvoker.invokeTestMethods(TestInvoker.java:194)
	at org.testng.internal.invokers.TestMethodWorker.invokeTestMethods(TestMethodWorker.java:148)
	at org.testng.internal.invokers.TestMethodWorker.run(TestMethodWorker.java:128)
	at java.base/java.util.ArrayList.forEach(ArrayList.java:1511)
	at org.testng.TestRunner.privateRun(TestRunner.java:829)
	at org.testng.TestRunner.run(TestRunner.java:602)
	at org.testng.SuiteRunner.runTest(SuiteRunner.java:437)
	at org.testng.SuiteRunner.runSequentially(SuiteRunner.java:431)
	at org.testng.SuiteRunner.privateRun(SuiteRunner.java:391)
	at org.testng.SuiteRunner.run(SuiteRunner.java:330)
	at org.testng.SuiteRunnerWorker.runSuite(SuiteRunnerWorker.java:52)
	at org.testng.SuiteRunnerWorker.run(SuiteRunnerWorker.java:95)
	at org.testng.TestNG.runSuitesSequentially(TestNG.java:1256)
	at org.testng.TestNG.runSuitesLocally(TestNG.java:1176)
	at org.testng.TestNG.runSuites(TestNG.java:1099)
	at org.testng.TestNG.run(TestNG.java:1067)
	at org.apache.maven.surefire.testng.TestNGExecutor.run(TestNGExecutor.java:308)
	at org.apache.maven.surefire.testng.TestNGXmlTestSuite.execute(TestNGXmlTestSuite.java:71)
	at org.apache.maven.surefire.testng.TestNGProvider.invoke(TestNGProvider.java:113)
	at org.apache.maven.surefire.booter.ForkedBooter.runSuitesInProcess(ForkedBooter.java:385)
	at org.apache.maven.surefire.booter.ForkedBooter.execute(ForkedBooter.java:162)
	at org.apache.maven.surefire.booter.ForkedBooter.run(ForkedBooter.java:507)
	at org.apache.maven.surefire.booter.ForkedBooter.main(ForkedBooter.java:495)
]]></failure>
    <system-out><![CDATA[20:02:29.554 [main] INFO  com.icnetbanking.testcases.TC_Register_003_Test - TestScenario : com.icnetbanking.testcases.TC_Register_003_Test Started Execution
20:02:29.555 [main] INFO  com.icnetbanking.testcases.TC_Register_003_Test - URL Launched successfully
20:02:29.556 [main] INFO  com.icnetbanking.testcases.TC_Register_003_Test - Test Case Method Name: RegisterNewAccount
Test Execution is Started for Test Case : RegisterNewAccount
20:02:30.190 [main] INFO  com.icnetbanking.testcases.TC_Register_003_Test - Cliked on My Account link in HomePage successfully
20:02:30.800 [main] INFO  com.icnetbanking.testcases.TC_Register_003_Test - Cliked on My Register link in HomePage successfully
20:02:30.896 [main] INFO  com.icnetbanking.testcases.TC_Register_003_Test - Entered Firstname successfully :jamuna
20:02:30.959 [main] INFO  com.icnetbanking.testcases.TC_Register_003_Test - Entered Lastname successfully :soundar
20:02:31.031 [main] INFO  com.icnetbanking.testcases.TC_Register_003_Test - Entered Email successfully :jamuna1234@gmail.com
20:02:31.088 [main] INFO  com.icnetbanking.testcases.TC_Register_003_Test - Entered Telephoneno successfully :5454454
20:02:31.145 [main] INFO  com.icnetbanking.testcases.TC_Register_003_Test - Entered password successfully :test@124
20:02:31.203 [main] INFO  com.icnetbanking.testcases.TC_Register_003_Test - Entered confirm password successfully :test@124
20:02:31.253 [main] INFO  com.icnetbanking.testcases.TC_Register_003_Test - Clicked Yes for NewsLetter successfully
20:02:31.303 [main] INFO  com.icnetbanking.testcases.TC_Register_003_Test - Clicked Agree CheckBox successfully
20:02:31.616 [main] INFO  com.icnetbanking.testcases.TC_Register_003_Test - Clicked Continue Button successfully
20:02:34.634 [main] INFO  com.icnetbanking.testcases.TC_Register_003_Test - No Such Element Found :no such element: Unable to locate element: {"method":"xpath","selector":"//div[@id='content']/h1[.='Your Account Has Been Created!']"}
  (Session info: chrome=113.0.5672.92)
For documentation on this error, please visit: https://selenium.dev/exceptions/#no_such_element
Build info: version: '4.9.0', revision: 'd7057100a6'
System info: os.name: 'Windows 11', os.arch: 'amd64', os.version: '10.0', java.version: '17.0.4.1'
Driver info: org.openqa.selenium.chrome.ChromeDriver
Command: [d612b476c982eeaf7a45f4a6a0a76b0b, findElement {using=xpath, value=//div[@id='content']/h1[.='Your Account Has Been Created!']}]
Capabilities {acceptInsecureCerts: false, browserName: chrome, browserVersion: 113.0.5672.92, chrome: {chromedriverVersion: 112.0.5615.49 (bd2a7bcb881c..., userDataDir: C:\Program Files (x86)\scop...}, goog:chromeOptions: {debuggerAddress: localhost:56222}, networkConnectionEnabled: false, pageLoadStrategy: normal, platformName: WINDOWS, proxy: Proxy(), se:cdp: ws://localhost:56222/devtoo..., se:cdpVersion: 113.0.5672.92, setWindowRect: true, strictFileInteractability: false, timeouts: {implicit: 0, pageLoad: 300000, script: 30000}, unhandledPromptBehavior: dismiss and notify, webauthn:extension:credBlob: true, webauthn:extension:largeBlob: true, webauthn:extension:minPinLength: true, webauthn:extension:prf: true, webauthn:virtualAuthenticators: true}
Session ID: d612b476c982eeaf7a45f4a6a0a76b0b
20:02:34.634 [main] INFO  com.icnetbanking.testcases.TC_Register_003_Test - Fail: Accout not Created 
Test Execution is Failed for Test Case : RegisterNewAccount
]]></system-out>
    <system-err><![CDATA[Starting ChromeDriver 112.0.5615.49 (bd2a7bcb881c11e8cfe3078709382934e3916914-refs/branch-heads/5615@{#936}) on port 35875
Only local connections are allowed.
Please see https://chromedriver.chromium.org/security-considerations for suggestions on keeping ChromeDriver safe.
ChromeDriver was started successfully.
[1683824547.603][WARNING]: This version of ChromeDriver has not been tested with Chrome version 113.
May 11, 2023 8:02:27 PM org.openqa.selenium.devtools.CdpVersionFinder findNearestMatch
WARNING: Unable to find an exact match for CDP version 113, so returning the closest version found: 112
]]></system-err>
  </testcase>
  <testcase name="RegisterNewAccount[nandhini, bala, nandhini7890@gmail.com, 4545435, test@125](3)" classname="com.icnetbanking.testcases.TC_Register_003_Test" time="4.71">
    <failure type="java.lang.AssertionError"><![CDATA[java.lang.AssertionError
	at org.junit.Assert.fail(Assert.java:86)
	at org.junit.Assert.assertTrue(Assert.java:41)
	at org.junit.Assert.assertTrue(Assert.java:52)
	at com.icnetbanking.testcases.TC_Register_003_Test.RegisterNewAccount(TC_Register_003_Test.java:57)
	at java.base/jdk.internal.reflect.NativeMethodAccessorImpl.invoke0(Native Method)
	at java.base/jdk.internal.reflect.NativeMethodAccessorImpl.invoke(NativeMethodAccessorImpl.java:77)
	at java.base/jdk.internal.reflect.DelegatingMethodAccessorImpl.invoke(DelegatingMethodAccessorImpl.java:43)
	at java.base/java.lang.reflect.Method.invoke(Method.java:568)
	at org.testng.internal.invokers.MethodInvocationHelper.invokeMethod(MethodInvocationHelper.java:139)
	at org.testng.internal.invokers.TestInvoker.invokeMethod(TestInvoker.java:677)
	at org.testng.internal.invokers.TestInvoker.invokeTestMethod(TestInvoker.java:221)
	at org.testng.internal.invokers.MethodRunner.runInSequence(MethodRunner.java:50)
	at org.testng.internal.invokers.TestInvoker$MethodInvocationAgent.invoke(TestInvoker.java:969)
	at org.testng.internal.invokers.TestInvoker.invokeTestMethods(TestInvoker.java:194)
	at org.testng.internal.invokers.TestMethodWorker.invokeTestMethods(TestMethodWorker.java:148)
	at org.testng.internal.invokers.TestMethodWorker.run(TestMethodWorker.java:128)
	at java.base/java.util.ArrayList.forEach(ArrayList.java:1511)
	at org.testng.TestRunner.privateRun(TestRunner.java:829)
	at org.testng.TestRunner.run(TestRunner.java:602)
	at org.testng.SuiteRunner.runTest(SuiteRunner.java:437)
	at org.testng.SuiteRunner.runSequentially(SuiteRunner.java:431)
	at org.testng.SuiteRunner.privateRun(SuiteRunner.java:391)
	at org.testng.SuiteRunner.run(SuiteRunner.java:330)
	at org.testng.SuiteRunnerWorker.runSuite(SuiteRunnerWorker.java:52)
	at org.testng.SuiteRunnerWorker.run(SuiteRunnerWorker.java:95)
	at org.testng.TestNG.runSuitesSequentially(TestNG.java:1256)
	at org.testng.TestNG.runSuitesLocally(TestNG.java:1176)
	at org.testng.TestNG.runSuites(TestNG.java:1099)
	at org.testng.TestNG.run(TestNG.java:1067)
	at org.apache.maven.surefire.testng.TestNGExecutor.run(TestNGExecutor.java:308)
	at org.apache.maven.surefire.testng.TestNGXmlTestSuite.execute(TestNGXmlTestSuite.java:71)
	at org.apache.maven.surefire.testng.TestNGProvider.invoke(TestNGProvider.java:113)
	at org.apache.maven.surefire.booter.ForkedBooter.runSuitesInProcess(ForkedBooter.java:385)
	at org.apache.maven.surefire.booter.ForkedBooter.execute(ForkedBooter.java:162)
	at org.apache.maven.surefire.booter.ForkedBooter.run(ForkedBooter.java:507)
	at org.apache.maven.surefire.booter.ForkedBooter.main(ForkedBooter.java:495)
]]></failure>
    <system-out><![CDATA[20:02:38.070 [main] INFO  com.icnetbanking.testcases.TC_Register_003_Test - TestScenario : com.icnetbanking.testcases.TC_Register_003_Test Started Execution
20:02:38.070 [main] INFO  com.icnetbanking.testcases.TC_Register_003_Test - URL Launched successfully
20:02:38.070 [main] INFO  com.icnetbanking.testcases.TC_Register_003_Test - Test Case Method Name: RegisterNewAccount
Test Execution is Started for Test Case : RegisterNewAccount
20:02:38.290 [main] INFO  com.icnetbanking.testcases.TC_Register_003_Test - Cliked on My Account link in HomePage successfully
20:02:38.789 [main] INFO  com.icnetbanking.testcases.TC_Register_003_Test - Cliked on My Register link in HomePage successfully
20:02:38.870 [main] INFO  com.icnetbanking.testcases.TC_Register_003_Test - Entered Firstname successfully :nandhini
20:02:38.935 [main] INFO  com.icnetbanking.testcases.TC_Register_003_Test - Entered Lastname successfully :bala
20:02:38.996 [main] INFO  com.icnetbanking.testcases.TC_Register_003_Test - Entered Email successfully :nandhini7890@gmail.com
20:02:39.052 [main] INFO  com.icnetbanking.testcases.TC_Register_003_Test - Entered Telephoneno successfully :4545435
20:02:39.105 [main] INFO  com.icnetbanking.testcases.TC_Register_003_Test - Entered password successfully :test@125
20:02:39.166 [main] INFO  com.icnetbanking.testcases.TC_Register_003_Test - Entered confirm password successfully :test@125
20:02:39.215 [main] INFO  com.icnetbanking.testcases.TC_Register_003_Test - Clicked Yes for NewsLetter successfully
20:02:39.262 [main] INFO  com.icnetbanking.testcases.TC_Register_003_Test - Clicked Agree CheckBox successfully
20:02:39.588 [main] INFO  com.icnetbanking.testcases.TC_Register_003_Test - Clicked Continue Button successfully
20:02:42.651 [main] INFO  com.icnetbanking.testcases.TC_Register_003_Test - No Such Element Found :no such element: Unable to locate element: {"method":"xpath","selector":"//div[@id='content']/h1[.='Your Account Has Been Created!']"}
  (Session info: chrome=113.0.5672.92)
For documentation on this error, please visit: https://selenium.dev/exceptions/#no_such_element
Build info: version: '4.9.0', revision: 'd7057100a6'
System info: os.name: 'Windows 11', os.arch: 'amd64', os.version: '10.0', java.version: '17.0.4.1'
Driver info: org.openqa.selenium.chrome.ChromeDriver
Command: [67cca3fd9e5b8b29fe59aaddfd41c1b4, findElement {using=xpath, value=//div[@id='content']/h1[.='Your Account Has Been Created!']}]
Capabilities {acceptInsecureCerts: false, browserName: chrome, browserVersion: 113.0.5672.92, chrome: {chromedriverVersion: 112.0.5615.49 (bd2a7bcb881c..., userDataDir: C:\Program Files (x86)\scop...}, goog:chromeOptions: {debuggerAddress: localhost:56246}, networkConnectionEnabled: false, pageLoadStrategy: normal, platformName: WINDOWS, proxy: Proxy(), se:cdp: ws://localhost:56246/devtoo..., se:cdpVersion: 113.0.5672.92, setWindowRect: true, strictFileInteractability: false, timeouts: {implicit: 0, pageLoad: 300000, script: 30000}, unhandledPromptBehavior: dismiss and notify, webauthn:extension:credBlob: true, webauthn:extension:largeBlob: true, webauthn:extension:minPinLength: true, webauthn:extension:prf: true, webauthn:virtualAuthenticators: true}
Session ID: 67cca3fd9e5b8b29fe59aaddfd41c1b4
20:02:42.651 [main] INFO  com.icnetbanking.testcases.TC_Register_003_Test - Fail: Accout not Created 
Test Execution is Failed for Test Case : RegisterNewAccount
]]></system-out>
    <system-err><![CDATA[Starting ChromeDriver 112.0.5615.49 (bd2a7bcb881c11e8cfe3078709382934e3916914-refs/branch-heads/5615@{#936}) on port 21795
Only local connections are allowed.
Please see https://chromedriver.chromium.org/security-considerations for suggestions on keeping ChromeDriver safe.
ChromeDriver was started successfully.
[1683824556.090][WARNING]: This version of ChromeDriver has not been tested with Chrome version 113.
May 11, 2023 8:02:36 PM org.openqa.selenium.devtools.CdpVersionFinder findNearestMatch
WARNING: Unable to find an exact match for CDP version 113, so returning the closest version found: 112
]]></system-err>
  </testcase>
</testsuite>