<?xml version="1.0" encoding="UTF-8"?>
<!-- Generated by org.testng.reporters.JUnitXMLReporter -->
<testsuite ignored="0" hostname="LAPTOP-DFFR9J4H" failures="0" tests="4" name="Test" time="7.737" errors="0" timestamp="2022-11-09T01:17:26 AST">
  <testcase classname="Session25.OneTest" name="mone" time="7.454"/>
  <testcase classname="Session25.TwoTest" name="mTwo" time="0.001"/>
  <testcase classname="Session25.ThreeTest" name="mThree" time="0.0"/>
  <testcase classname="Session25.FourTest" name="mFour" time="0.001"/>
</testsuite> <!-- Test -->
