<?xml version="1.0" encoding="UTF-8"?>
<testng-results ignored="0" total="1" passed="1" failed="0" skipped="0">
  <reporter-output>
  </reporter-output>
  <suite started-at="2023-04-09T20:15:19 AST" name="Default suite" finished-at="2023-04-09T20:15:28 AST" duration-ms="8282">
    <groups>
    </groups>
    <test started-at="2023-04-09T20:15:19 AST" name="Default test" finished-at="2023-04-09T20:15:28 AST" duration-ms="8282">
      <class name="TestCases.LoginTestCase">
        <test-method signature="Login(java.lang.String,java.lang.String,java.lang.String)[pri:0, instance:TestCases.LoginTestCase@2e6a8155]" started-at="2023-04-09T20:15:19 AST" name="Login" data-provider="LoginDP" finished-at="2023-04-09T20:15:28 AST" duration-ms="8058" status="PASS">
          <params>
            <param index="0">
              <value>
                <![CDATA[https://tutorialsninja.com/demo/index.php?route=account/login]]>
              </value>
            </param>
            <param index="1">
              <value>
                <![CDATA[poornimadevi123@gmail.com]]>
              </value>
            </param>
            <param index="2">
              <value>
                <![CDATA[poornima@123]]>
              </value>
            </param>
          </params>
          <reporter-output>
          </reporter-output>
        </test-method> <!-- Login -->
        <test-method is-config="true" signature="teardown()[pri:0, instance:TestCases.LoginTestCase@2e6a8155]" started-at="2023-04-09T20:15:28 AST" name="teardown" finished-at="2023-04-09T20:15:28 AST" duration-ms="157" status="PASS">
          <reporter-output>
          </reporter-output>
        </test-method> <!-- teardown -->
      </class> <!-- TestCases.LoginTestCase -->
    </test> <!-- Default test -->
  </suite> <!-- Default suite -->
</testng-results>
