<?xml version="1.0" encoding="UTF-8"?>
<testng-results ignored="0" total="1" passed="1" failed="0" skipped="0">
  <reporter-output>
  </reporter-output>
  <suite started-at="2023-04-17T11:05:08 AST" name="Default suite" finished-at="2023-04-17T11:05:20 AST" duration-ms="11738">
    <groups>
    </groups>
    <test started-at="2023-04-17T11:05:08 AST" name="Default test" finished-at="2023-04-17T11:05:20 AST" duration-ms="11738">
      <class name="DataPropPackageJavaAPI.DataPropClass">
        <test-method signature="proptest()[pri:0, instance:DataPropPackageJavaAPI.DataPropClass@3c19aaa5]" started-at="2023-04-17T11:05:08 AST" name="proptest" finished-at="2023-04-17T11:05:20 AST" duration-ms="11709" status="PASS">
          <reporter-output>
          </reporter-output>
        </test-method> <!-- proptest -->
      </class> <!-- DataPropPackageJavaAPI.DataPropClass -->
    </test> <!-- Default test -->
  </suite> <!-- Default suite -->
</testng-results>
