<?xml version="1.0" encoding="UTF-8"?>
<testng-results ignored="0" total="0" passed="0" failed="0" skipped="0">
  <reporter-output>
  </reporter-output>
  <suite started-at="2023-04-12T10:33:50 AST" name="Default suite" finished-at="2023-04-12T10:33:50 AST" duration-ms="10">
    <groups>
    </groups>
    <test started-at="2023-04-12T10:33:50 AST" name="Default test" finished-at="2023-04-12T10:33:50 AST" duration-ms="10">
    </test> <!-- Default test -->
  </suite> <!-- Default suite -->
</testng-results>
