<?xml version="1.0" encoding="UTF-8"?>
<testng-results ignored="0" total="3" passed="3" failed="0" skipped="0">
  <reporter-output>
  </reporter-output>
  <suite started-at="2023-05-09T10:37:08 AST" name="Default suite" finished-at="2023-05-09T10:37:45 AST" duration-ms="36955">
    <groups>
    </groups>
    <test started-at="2023-05-09T10:37:08 AST" name="Default test" finished-at="2023-05-09T10:37:45 AST" duration-ms="36955">
      <class name="InterviewPOIExcel.NinjaLoginDataProvider">
        <test-method signature="Ninja(java.lang.String,java.lang.String,java.lang.String)[pri:0, instance:InterviewPOIExcel.NinjaLoginDataProvider@313ac989]" started-at="2023-05-09T10:37:09 AST" name="Ninja" data-provider="NinjaLogin" finished-at="2023-05-09T10:37:23 AST" duration-ms="14157" status="PASS">
          <params>
            <param index="0">
              <value>
                <![CDATA[http://tutorialsninja.com/demo/]]>
              </value>
            </param>
            <param index="1">
              <value>
                <![CDATA[poornima1982@gmail.com]]>
              </value>
            </param>
            <param index="2">
              <value>
                <![CDATA[poornima@123]]>
              </value>
            </param>
          </params>
          <reporter-output>
          </reporter-output>
        </test-method> <!-- Ninja -->
        <test-method signature="Ninja(java.lang.String,java.lang.String,java.lang.String)[pri:0, instance:InterviewPOIExcel.NinjaLoginDataProvider@313ac989]" started-at="2023-05-09T10:37:23 AST" name="Ninja" data-provider="NinjaLogin" finished-at="2023-05-09T10:37:35 AST" duration-ms="11513" status="PASS">
          <params>
            <param index="0">
              <value>
                <![CDATA[http://tutorialsninja.com/demo/]]>
              </value>
            </param>
            <param index="1">
              <value>
                <![CDATA[swetha2010@gmail.com]]>
              </value>
            </param>
            <param index="2">
              <value>
                <![CDATA[selenium@123]]>
              </value>
            </param>
          </params>
          <reporter-output>
          </reporter-output>
        </test-method> <!-- Ninja -->
        <test-method signature="Ninja(java.lang.String,java.lang.String,java.lang.String)[pri:0, instance:InterviewPOIExcel.NinjaLoginDataProvider@313ac989]" started-at="2023-05-09T10:37:35 AST" name="Ninja" data-provider="NinjaLogin" finished-at="2023-05-09T10:37:45 AST" duration-ms="10692" status="PASS">
          <params>
            <param index="0">
              <value>
                <![CDATA[http://tutorialsninja.com/demo/]]>
              </value>
            </param>
            <param index="1">
              <value>
                <![CDATA[Renga2010@gmail.com]]>
              </value>
            </param>
            <param index="2">
              <value>
                <![CDATA[Renga@123]]>
              </value>
            </param>
          </params>
          <reporter-output>
          </reporter-output>
        </test-method> <!-- Ninja -->
      </class> <!-- InterviewPOIExcel.NinjaLoginDataProvider -->
    </test> <!-- Default test -->
  </suite> <!-- Default suite -->
</testng-results>
